<?xml version="1.0" encoding="UTF-8"?>
<!-- Generated by org.testng.reporters.JUnitReportReporter -->
<testsuite hostname="Karthiks-MacBook-Pro.local" failures="0" tests="1" name="Batch10.Batch10MvnAutomationProj.Register" time="0.001" errors="0" timestamp="2021-04-27T08:28:45 BST" skipped="0">
  <testcase classname="Batch10.Batch10MvnAutomationProj.Register" name="testRegisterWithCancel" time="0.001"/>
  <system-out/>
</testsuite> <!-- Batch10.Batch10MvnAutomationProj.Register -->
