<?xml version="1.0" encoding="UTF-8"?>
<!-- Generated by org.testng.reporters.JUnitReportReporter -->
<testsuite hostname="Karthiks-MacBook-Pro.local" failures="0" tests="1" name="Batch10.Batch10MvnAutomationProj.NewTest" time="0.004" errors="0" timestamp="2021-05-17T09:12:15 BST" skipped="0">
  <testcase classname="Batch10.Batch10MvnAutomationProj.NewTest" name="exceptionTestOne" time="0.004"/>
  <system-out/>
</testsuite> <!-- Batch10.Batch10MvnAutomationProj.NewTest -->
