<?xml version="1.0" encoding="UTF-8"?>
<!-- Generated by org.testng.reporters.JUnitReportReporter -->
<testsuite hostname="Karthiks-MacBook-Pro.local" failures="0" tests="4" name="Vehicles" time="0.011" errors="0" timestamp="2021-04-27T08:40:11 BST" skipped="0">
  <testcase classname="Vehicles" name="testOpenCar" time="0.009"/>
  <system-out/>
  <testcase classname="Vehicles" name="testBrake" time="0.001"/>
  <system-out/>
  <testcase classname="Vehicles" name="testEngineStart" time="0.001"/>
  <system-out/>
  <testcase classname="Vehicles" name="testAccelarate" time="0.000"/>
  <system-out/>
</testsuite> <!-- Vehicles -->
