<?xml version="1.0" encoding="UTF-8"?>
<!-- Generated by org.testng.reporters.JUnitReportReporter -->
<testsuite hostname="Karthiks-MacBook-Pro.local" failures="0" tests="1" name="com.openMRS.tests.HomePageTest" time="0.056" errors="0" timestamp="2021-05-17T22:28:06 BST" skipped="0">
  <testcase classname="com.openMRS.tests.HomePageTest" name="testNavToLandingPage" time="0.056"/>
  <system-out/>
</testsuite> <!-- com.openMRS.tests.HomePageTest -->
