<?xml version="1.0" encoding="UTF-8"?>
<!-- Generated by org.testng.reporters.JUnitReportReporter -->
<testsuite hostname="Karthiks-MacBook-Pro.local" failures="0" tests="1" name="com.openMRS.tests.CartPageTest" time="0.008" errors="0" timestamp="2021-05-15T08:34:05 BST" skipped="0">
  <testcase classname="com.openMRS.tests.CartPageTest" name="testNavToLandingPage" time="0.008"/>
  <system-out/>
</testsuite> <!-- com.openMRS.tests.CartPageTest -->
