<?xml version="1.0" encoding="UTF-8"?>
<!-- Generated by org.testng.reporters.JUnitReportReporter -->
<testsuite hostname="Karthiks-MacBook-Pro.local" failures="0" tests="1" name="Batch10.Batch10MvnAutomationProj.DependsOnGroupsDemo" time="4.014" errors="0" timestamp="2021-04-27T08:59:22 BST" skipped="0">
  <testcase classname="Batch10.Batch10MvnAutomationProj.DependsOnGroupsDemo" name="timeoutTest" time="4.014"/>
  <system-out/>
</testsuite> <!-- Batch10.Batch10MvnAutomationProj.DependsOnGroupsDemo -->
